Arguments: 
  /Users/mattjennings/.nvm/versions/node/v14.13.0/bin/node /Users/mattjennings/.nvm/versions/node/v14.13.0/bin/yarn build

PATH: 
  /Users/mattjennings/dev/svelte-phaser/packages/svelte-phaser/node_modules/.bin:/var/folders/j7/sczfrdrs0wv4p2_bwdry0tdh0000gn/T/yarn--1613014738817-0.21776173008206734:/Users/mattjennings/dev/svelte-phaser/packages/svelte-phaser/node_modules/.bin:/Users/mattjennings/.config/yarn/link/node_modules/.bin:/Users/mattjennings/dev/svelte-phaser/node_modules/.bin:/Users/mattjennings/.nvm/versions/node/v14.13.0/libexec/lib/node_modules/npm/bin/node-gyp-bin:/Users/mattjennings/.nvm/versions/node/v14.13.0/lib/node_modules/npm/bin/node-gyp-bin:/Users/mattjennings/.nvm/versions/node/v14.13.0/bin/node_modules/npm/bin/node-gyp-bin:/Users/mattjennings/.nvm/versions/node/v14.13.0/bin:/Users/mattjennings/.deno/bin:/usr/local/bin:/usr/bin:/bin:/usr/sbin:/sbin:/Applications/VMware Fusion.app/Contents/Public:/Library/Apple/usr/bin:/Library/Frameworks/Mono.framework/Versions/Current/Commands

Yarn version: 
  1.22.10

Node version: 
  14.13.0

Platform: 
  darwin x64

Trace: 
  SyntaxError: /Users/mattjennings/dev/svelte-phaser/packages/svelte-phaser/package.json: Unexpected token < in JSON at position 29
      at JSON.parse (<anonymous>)
      at /Users/mattjennings/.nvm/versions/node/v14.13.0/lib/node_modules/yarn/lib/cli.js:1625:59
      at Generator.next (<anonymous>)
      at step (/Users/mattjennings/.nvm/versions/node/v14.13.0/lib/node_modules/yarn/lib/cli.js:310:30)
      at /Users/mattjennings/.nvm/versions/node/v14.13.0/lib/node_modules/yarn/lib/cli.js:321:13

npm manifest: 
  {
    "name": "svelte-phaser",
  <<<<<<< HEAD
    "version": "0.1.0",
  =======
    "version": "0.0.6",
  >>>>>>> 00df8dfbba9199b5c4eaf452580abe627f8e0928
    "description": "Create Phaser 3 games with Svelte 3",
    "repository": "https://github.com/mattjennings/svelte-phaser",
    "svelte": "dist/index.js",
    "module": "dist/index.mjs",
    "main": "dist/index.umd.js",
    "types": "dist/ts/index.d.ts",
    "scripts": {
      "prebuild": "rm -rf ./dist",
      "build": "tsc --outDir ./dist --declaration && node scripts/preprocess.js",
      "dev": "nodemon --exec \"yarn build\" --watch src -e js,ts,svelte",
      "validate": "svelte-check --threshold error",
      "publish:prod": "yarn publish --tag latest",
      "publish:next": "yarn publish --tag next",
      "prepublishOnly": "yarn test",
      "test": "NODE_ENV=test jest",
      "test:watch": "yarn test -- --watch"
    },
    "peerDependencies": {
      "phaser": "^3.23.0"
    },
    "devDependencies": {
      "@babel/preset-env": "^7.9.6",
      "@testing-library/jest-dom": "^5.7.0",
      "@testing-library/svelte": "^3.0.0",
      "@tsconfig/svelte": "^1.0.10",
      "@types/jest": "^26.0.20",
      "@types/node": "^14.14.25",
      "babel-jest": "^26.0.1",
      "canvas": "^2.6.1",
      "datauri": "^3.0.0",
      "fs-extra": "^9.0.1",
      "glob": "^7.1.6",
      "jest": "^26.0.1",
      "jsdom": "^16.2.2",
      "nodemon": "^2.0.7",
      "phaser": "^3.52.0",
      "svelte": "^3.32.2",
      "svelte-check": "^1.0.60",
      "svelte-jester": "^1.3.0",
      "svelte-preprocess": "^4.6.7",
      "ts-jest": "^26.5.1",
      "tslib": "^2.0.3",
      "typescript": "^4.1.5"
    },
    "keywords": [
      "svelte"
    ],
    "files": [
      "src",
      "dist"
    ]
  }

yarn manifest: 
  No manifest

Lockfile: 
  No lockfile
